<?xml version="1.0" encoding="UTF-8"?>
<!-- Generated by org.testng.reporters.JUnitXMLReporter -->
<testsuite hostname="Oleseas-MacBook-Pro.local" ignored="2" name="Surefire test" tests="1" failures="0" timestamp="26 Aug 2020 17:44:04 GMT" time="7.77" errors="0">
  <testcase name="verifyloginPageTitleTest" time="4.858" classname="com.qa.hubspot.tests.LoginPageTest"/>
  <testcase name="verifySighUpLinkTest" time="0.0" classname="com.qa.hubspot.tests.LoginPageTest">
    <ignored/>
  </testcase> <!-- verifySighUpLinkTest -->
  <testcase name="loginTest" time="0.0" classname="com.qa.hubspot.tests.LoginPageTest">
    <ignored/>
  </testcase> <!-- loginTest -->
</testsuite> <!-- Surefire test -->
