<?xml version="1.0" encoding="UTF-8"?>
<!-- Generated by org.testng.reporters.JUnitXMLReporter -->
<testsuite hostname="Oleseas-MBP.hsd1.ca.comcast.net" ignored="0" name="Default test" tests="3" failures="0" timestamp="29 Aug 2020 20:11:26 GMT" time="23.651" errors="0">
  <testcase name="verifyHomePageHeaderTest" time="14.517" classname="com.qa.hubspot.tests.HomePageTest"/>
  <testcase name="verifyHomepageTitleTest" time="0.007" classname="com.qa.hubspot.tests.HomePageTest"/>
  <testcase name="verifyLoginUserTest" time="0.211" classname="com.qa.hubspot.tests.HomePageTest"/>
</testsuite> <!-- Default test -->
