<?xml version="1.0" encoding="UTF-8"?>
<!-- Generated by org.testng.reporters.JUnitXMLReporter -->
<testsuite hostname="Oleseas-MacBook-Pro.local" ignored="0" name="Default test" tests="3" failures="0" timestamp="24 Aug 2020 07:35:12 GMT" time="11.839" errors="0">
  <testcase name="verifyHomePageHeaderTest" time="3.039" classname="com.qa.hubspot.tests.HomePageTest"/>
  <testcase name="verifyHomepageTitleTest" time="0.005" classname="com.qa.hubspot.tests.HomePageTest"/>
  <testcase name="verifyLoginUserTest" time="0.195" classname="com.qa.hubspot.tests.HomePageTest"/>
</testsuite> <!-- Default test -->
