<?xml version="1.0" encoding="UTF-8"?>
<!-- Generated by org.testng.reporters.JUnitXMLReporter -->
<testsuite hostname="Oleseas-MacBook-Pro.local" ignored="0" name="HubSpot Feature Testing - login" tests="3" failures="0" timestamp="26 Aug 2020 16:58:17 GMT" time="23.643" errors="0">
  <testcase name="verifySighUpLinkTest" time="5.228" classname="com.qa.hubspot.tests.LoginPageTest"/>
  <testcase name="verifyloginPageTitleTest" time="0.023" classname="com.qa.hubspot.tests.LoginPageTest"/>
  <testcase name="loginTest" time="15.684" classname="com.qa.hubspot.tests.LoginPageTest"/>
</testsuite> <!-- HubSpot Feature Testing - login -->
