<?xml version="1.0" encoding="UTF-8"?>
<!-- Generated by org.testng.reporters.JUnitXMLReporter -->
<testsuite hostname="Oleseas-MacBook-Pro.local" ignored="0" name="Hubspot Feature Testing" tests="6" failures="0" timestamp="17 Aug 2020 06:52:14 GMT" time="23.906" errors="0">
  <testcase name="verifySighUpLinkTest" time="4.371" classname="com.qa.hubspot.tests.LoginPageTest"/>
  <testcase name="verifyHomePageHeaderTest" time="0.051" classname="com.qa.hubspot.tests.HomePageTest"/>
  <testcase name="verifyloginPageTitleTest" time="0.008" classname="com.qa.hubspot.tests.LoginPageTest"/>
  <testcase name="verifyHomepageTitleTest" time="0.005" classname="com.qa.hubspot.tests.HomePageTest"/>
  <testcase name="loginTest" time="0.74" classname="com.qa.hubspot.tests.LoginPageTest"/>
  <testcase name="verifyLoginUserTest" time="0.197" classname="com.qa.hubspot.tests.HomePageTest"/>
</testsuite> <!-- Hubspot Feature Testing -->
