<?xml version="1.0" encoding="UTF-8"?>
<testng-results skipped="0" failed="0" ignored="2" total="3" passed="1">
  <reporter-output>
  </reporter-output>
  <suite name="Surefire suite" duration-ms="7770" started-at="2020-08-26T17:43:57Z" finished-at="2020-08-26T17:44:04Z">
    <groups>
    </groups>
    <test name="Surefire test" duration-ms="7770" started-at="2020-08-26T17:43:57Z" finished-at="2020-08-26T17:44:04Z">
      <class name="com.qa.hubspot.tests.LoginPageTest">
        <test-method status="PASS" signature="setUp()[pri:0, instance:com.qa.hubspot.tests.LoginPageTest@6821ea29]" name="setUp" is-config="true" duration-ms="2696" started-at="2020-08-26T17:43:57Z" finished-at="2020-08-26T17:43:59Z">
          <reporter-output>
          </reporter-output>
        </test-method> <!-- setUp -->
        <test-method status="PASS" signature="verifyloginPageTitleTest()[pri:2, instance:com.qa.hubspot.tests.LoginPageTest@6821ea29]" name="verifyloginPageTitleTest" duration-ms="4858" started-at="2020-08-26T17:43:59Z" finished-at="2020-08-26T17:44:04Z">
          <reporter-output>
          </reporter-output>
        </test-method> <!-- verifyloginPageTitleTest -->
        <test-method status="PASS" signature="tearDown()[pri:0, instance:com.qa.hubspot.tests.LoginPageTest@6821ea29]" name="tearDown" is-config="true" duration-ms="89" started-at="2020-08-26T17:44:04Z" finished-at="2020-08-26T17:44:04Z">
          <reporter-output>
          </reporter-output>
        </test-method> <!-- tearDown -->
      </class> <!-- com.qa.hubspot.tests.LoginPageTest -->
    </test> <!-- Surefire test -->
  </suite> <!-- Surefire suite -->
</testng-results>
