<?xml version="1.0" encoding="UTF-8"?>
<!-- Generated by org.testng.reporters.JUnitXMLReporter -->
<testsuite hostname="Oleseas-MacBook-Pro.local" ignored="0" name="HubSpot Feature Testing - login" tests="3" failures="0" timestamp="26 Aug 2020 16:39:56 GMT" time="8.208" errors="0">
  <testcase name="verifySighUpLinkTest" time="4.778" classname="com.qa.hubspot.tests.LoginPageTest"/>
  <testcase name="verifyloginPageTitleTest" time="0.025" classname="com.qa.hubspot.tests.LoginPageTest"/>
  <testcase name="loginTest" time="0.768" classname="com.qa.hubspot.tests.LoginPageTest"/>
</testsuite> <!-- HubSpot Feature Testing - login -->
