<?xml version="1.0" encoding="UTF-8"?>
<!-- Generated by org.testng.reporters.JUnitXMLReporter -->
<testsuite hostname="Oleseas-MacBook-Pro.local" ignored="0" name="HubSpot Feature Testing - feature" tests="3" failures="0" timestamp="24 Aug 2020 07:38:27 GMT" time="7.509" errors="0">
  <testcase name="verifySighUpLinkTest" time="4.889" classname="com.qa.hubspot.tests.LoginPageTest"/>
  <testcase name="verifyloginPageTitleTest" time="0.049" classname="com.qa.hubspot.tests.LoginPageTest"/>
  <testcase name="loginTest" time="0.731" classname="com.qa.hubspot.tests.LoginPageTest"/>
</testsuite> <!-- HubSpot Feature Testing - feature -->
