<?xml version="1.0" encoding="UTF-8"?>
<testng-results skipped="0" failed="0" ignored="0" total="3" passed="3">
  <reporter-output>
  </reporter-output>
  <suite name="Default suite" duration-ms="23651" started-at="2020-08-29T20:11:02Z" finished-at="2020-08-29T20:11:26Z">
    <groups>
    </groups>
    <test name="Default test" duration-ms="23651" started-at="2020-08-29T20:11:02Z" finished-at="2020-08-29T20:11:26Z">
      <class name="com.qa.hubspot.tests.HomePageTest">
        <test-method status="PASS" signature="setUp()[pri:0, instance:com.qa.hubspot.tests.HomePageTest@6326d182]" name="setUp" is-config="true" duration-ms="2171" started-at="2020-08-29T20:11:02Z" finished-at="2020-08-29T20:11:05Z">
          <reporter-output>
          </reporter-output>
        </test-method> <!-- setUp -->
        <test-method status="PASS" signature="homePageSetUp()[pri:0, instance:com.qa.hubspot.tests.HomePageTest@6326d182]" name="homePageSetUp" is-config="true" duration-ms="6467" started-at="2020-08-29T20:11:05Z" finished-at="2020-08-29T20:11:11Z">
          <reporter-output>
          </reporter-output>
        </test-method> <!-- homePageSetUp -->
        <test-method status="PASS" signature="verifyHomePageHeaderTest()[pri:1, instance:com.qa.hubspot.tests.HomePageTest@6326d182]" name="verifyHomePageHeaderTest" duration-ms="14517" started-at="2020-08-29T20:11:11Z" finished-at="2020-08-29T20:11:26Z">
          <reporter-output>
          </reporter-output>
        </test-method> <!-- verifyHomePageHeaderTest -->
        <test-method status="PASS" signature="verifyHomepageTitleTest()[pri:2, instance:com.qa.hubspot.tests.HomePageTest@6326d182]" name="verifyHomepageTitleTest" duration-ms="7" started-at="2020-08-29T20:11:26Z" finished-at="2020-08-29T20:11:26Z">
          <reporter-output>
          </reporter-output>
        </test-method> <!-- verifyHomepageTitleTest -->
        <test-method status="PASS" signature="verifyLoginUserTest()[pri:3, instance:com.qa.hubspot.tests.HomePageTest@6326d182]" name="verifyLoginUserTest" duration-ms="211" started-at="2020-08-29T20:11:26Z" finished-at="2020-08-29T20:11:26Z">
          <reporter-output>
          </reporter-output>
        </test-method> <!-- verifyLoginUserTest -->
        <test-method status="PASS" signature="tearDown()[pri:0, instance:com.qa.hubspot.tests.HomePageTest@6326d182]" name="tearDown" is-config="true" duration-ms="109" started-at="2020-08-29T20:11:26Z" finished-at="2020-08-29T20:11:26Z">
          <reporter-output>
          </reporter-output>
        </test-method> <!-- tearDown -->
      </class> <!-- com.qa.hubspot.tests.HomePageTest -->
    </test> <!-- Default test -->
  </suite> <!-- Default suite -->
</testng-results>
